<?xml version="1.0" encoding="UTF-8"?>
<!-- Generated by org.testng.reporters.JUnitReportReporter -->
<testsuite hostname="CBT-118" name="pack.Git" tests="1" failures="0" timestamp="19 Sep 2016 00:28:24 GMT" time="0.017" errors="0">
  <testcase name="testGit" time="0.017" classname="pack.Git"/>
</testsuite> <!-- pack.Git -->
